[Mon Mar 30 21:32:37.264499 2026] [ssl:warn] [pid 7552:tid 724] AH01909: test1.ru:443:0 server certificate does NOT include an ID which matches the server name
[Mon Mar 30 21:32:37.265499 2026] [ssl:warn] [pid 7552:tid 724] AH01909: subdomain.test1.ru:443:0 server certificate does NOT include an ID which matches the server name
[Mon Mar 30 21:32:37.265499 2026] [ssl:warn] [pid 7552:tid 724] AH01909: subdomain.localhost:443:0 server certificate does NOT include an ID which matches the server name
[Mon Mar 30 21:32:37.265499 2026] [ssl:warn] [pid 7552:tid 724] AH01909: custom:443:0 server certificate does NOT include an ID which matches the server name
[Mon Mar 30 21:32:37.266499 2026] [ssl:warn] [pid 7552:tid 724] AH01909: localhost:443:0 server certificate does NOT include an ID which matches the server name
[Mon Mar 30 21:32:37.361006 2026] [ssl:warn] [pid 7552:tid 724] AH01909: test1.ru:443:0 server certificate does NOT include an ID which matches the server name
[Mon Mar 30 21:32:37.361006 2026] [ssl:warn] [pid 7552:tid 724] AH01909: subdomain.test1.ru:443:0 server certificate does NOT include an ID which matches the server name
[Mon Mar 30 21:32:37.361006 2026] [ssl:warn] [pid 7552:tid 724] AH01909: subdomain.localhost:443:0 server certificate does NOT include an ID which matches the server name
[Mon Mar 30 21:32:37.361006 2026] [ssl:warn] [pid 7552:tid 724] AH01909: custom:443:0 server certificate does NOT include an ID which matches the server name
[Mon Mar 30 21:32:37.362006 2026] [ssl:warn] [pid 7552:tid 724] AH01909: localhost:443:0 server certificate does NOT include an ID which matches the server name
Failed loading /usr/local/php5/ext\\usr\local\php5\ext\php_xdebug-2.4.1-7.0-vc14-nts.dll
[Mon Mar 30 21:32:37.405517 2026] [mpm_winnt:notice] [pid 7552:tid 724] AH00455: Apache/2.4.23 (Win32) OpenSSL/1.0.2h PHP/7.0.10 configured -- resuming normal operations
[Mon Mar 30 21:32:37.405517 2026] [mpm_winnt:notice] [pid 7552:tid 724] AH00456: Apache Lounge VC14 Server built: Jul  1 2016 11:09:37
[Mon Mar 30 21:32:37.405517 2026] [core:notice] [pid 7552:tid 724] AH00094: Command line: 'httpd.exe -d Z:/usr/local/apache'
[Mon Mar 30 21:32:37.411516 2026] [mpm_winnt:notice] [pid 7552:tid 724] AH00418: Parent: Created child process 6808
[Mon Mar 30 21:32:37.887067 2026] [ssl:warn] [pid 6808:tid 744] AH01909: test1.ru:443:0 server certificate does NOT include an ID which matches the server name
[Mon Mar 30 21:32:37.888067 2026] [ssl:warn] [pid 6808:tid 744] AH01909: subdomain.test1.ru:443:0 server certificate does NOT include an ID which matches the server name
[Mon Mar 30 21:32:37.888067 2026] [ssl:warn] [pid 6808:tid 744] AH01909: subdomain.localhost:443:0 server certificate does NOT include an ID which matches the server name
[Mon Mar 30 21:32:37.888067 2026] [ssl:warn] [pid 6808:tid 744] AH01909: custom:443:0 server certificate does NOT include an ID which matches the server name
[Mon Mar 30 21:32:37.888067 2026] [ssl:warn] [pid 6808:tid 744] AH01909: localhost:443:0 server certificate does NOT include an ID which matches the server name
[Mon Mar 30 21:32:37.966071 2026] [ssl:warn] [pid 6808:tid 744] AH01909: test1.ru:443:0 server certificate does NOT include an ID which matches the server name
[Mon Mar 30 21:32:37.967071 2026] [ssl:warn] [pid 6808:tid 744] AH01909: subdomain.test1.ru:443:0 server certificate does NOT include an ID which matches the server name
[Mon Mar 30 21:32:37.967071 2026] [ssl:warn] [pid 6808:tid 744] AH01909: subdomain.localhost:443:0 server certificate does NOT include an ID which matches the server name
[Mon Mar 30 21:32:37.967071 2026] [ssl:warn] [pid 6808:tid 744] AH01909: custom:443:0 server certificate does NOT include an ID which matches the server name
[Mon Mar 30 21:32:37.967071 2026] [ssl:warn] [pid 6808:tid 744] AH01909: localhost:443:0 server certificate does NOT include an ID which matches the server name
Failed loading /usr/local/php5/ext\\usr\local\php5\ext\php_xdebug-2.4.1-7.0-vc14-nts.dll
[Mon Mar 30 21:32:37.979574 2026] [mpm_winnt:notice] [pid 6808:tid 744] AH00354: Child: Starting 64 worker threads.
[Mon Mar 30 23:36:10.256626 2026] [:error] [pid 6808:tid 1364] [client 127.0.0.1:57059] PHP Warning:  mysqli_fetch_array() expects parameter 1 to be mysqli_result, boolean given in Z:\\home\\localhost\\www\\mysite\\admin\\photos.php on line 47, referer: http://localhost/mysite/admin/index.php
[Mon Mar 30 23:45:56.044763 2026] [:error] [pid 6808:tid 1364] [client 127.0.0.1:57171] PHP Warning:  mysqli_fetch_array() expects parameter 1 to be mysqli_result, boolean given in Z:\\home\\localhost\\www\\mysite\\admin\\photos.php on line 47, referer: http://localhost/mysite/admin/index.php
[Mon Mar 30 23:46:10.699866 2026] [:error] [pid 6808:tid 1364] [client 127.0.0.1:57178] PHP Warning:  mysqli_fetch_array() expects parameter 1 to be mysqli_result, boolean given in Z:\\home\\localhost\\www\\mysite\\admin\\photos.php on line 47, referer: http://localhost/mysite/admin/index.php
[Mon Mar 30 23:47:01.386669 2026] [:error] [pid 6808:tid 1372] [client 127.0.0.1:57211] PHP Warning:  mysqli_fetch_array() expects parameter 1 to be mysqli_result, boolean given in Z:\\home\\localhost\\www\\mysite\\admin\\photos.php on line 47, referer: http://localhost/mysite/admin/index.php
[Tue Mar 31 00:11:00.512838 2026] [mpm_winnt:notice] [pid 7552:tid 724] AH00422: Parent: Received shutdown signal -- Shutting down the server.
[Tue Mar 31 00:11:02.534807 2026] [mpm_winnt:notice] [pid 6808:tid 744] AH00364: Child: All worker threads have exited.
[Tue Mar 31 00:11:02.566618 2026] [mpm_winnt:notice] [pid 7552:tid 724] AH00430: Parent: Child process 6808 exited successfully.
